[    0.000000] Linux version 4.15.0-76-generic (buildd@lcy01-amd64-029) (gcc version 7.4.0 (Ubuntu 7.4.0-1ubuntu1~18.04.1)) #86-Ubuntu SMP Fri Jan 17 17:24:28 UTC 2020 (Ubuntu 4.15.0-76.86-generic 4.15.18)
[    0.000000] Command line: BOOT_IMAGE=/boot/vmlinuz-4.15.0-76-generic root=LABEL=cloudimg-rootfs ro console=tty1 console=ttyS0
[    0.000000] KERNEL supported cpus:
[    0.000000]   Intel GenuineIntel
[    0.000000]   AMD AuthenticAMD
[    0.000000]   Centaur CentaurHauls
[    0.000000] x86/fpu: Supporting XSAVE feature 0x001: 'x87 floating point registers'
[    0.000000] x86/fpu: Supporting XSAVE feature 0x002: 'SSE registers'
[    0.000000] x86/fpu: Supporting XSAVE feature 0x004: 'AVX registers'
[    0.000000] x86/fpu: xstate_offset[2]:  576, xstate_sizes[2]:  256
[    0.000000] x86/fpu: Enabled xstate features 0x7, context size is 832 bytes, using 'standard' format.
[    0.000000] e820: BIOS-provided physical RAM map:
[    0.000000] BIOS-e820: [mem 0x0000000000000000-0x000000000009fbff] usable
[    0.000000] BIOS-e820: [mem 0x000000000009fc00-0x000000000009ffff] reserved
[    0.000000] BIOS-e820: [mem 0x00000000000f0000-0x00000000000fffff] reserved
[    0.000000] BIOS-e820: [mem 0x0000000000100000-0x00000000bffeffff] usable
[    0.000000] BIOS-e820: [mem 0x00000000bfff0000-0x00000000bfffffff] ACPI data
[    0.000000] BIOS-e820: [mem 0x00000000fec00000-0x00000000fec00fff] reserved
[    0.000000] BIOS-e820: [mem 0x00000000fee00000-0x00000000fee00fff] reserved
[    0.000000] BIOS-e820: [mem 0x00000000fffc0000-0x00000000ffffffff] reserved
[    0.000000] NX (Execute Disable) protection: active
[    0.000000] SMBIOS 2.5 present.
[    0.000000] DMI: innotek GmbH VirtualBox/VirtualBox, BIOS VirtualBox 12/01/2006
[    0.000000] Hypervisor detected: KVM
[    0.000000] e820: last_pfn = 0xbfff0 max_arch_pfn = 0x400000000
[    0.000000] MTRR: Disabled
[    0.000000] x86/PAT: MTRRs disabled, skipping PAT initialization too.
[    0.000000] CPU MTRRs all blank - virtualized system.
[    0.000000] x86/PAT: Configuration [0-7]: WB  WT  UC- UC  WB  WT  UC- UC  
[    0.000000] found SMP MP-table at [mem 0x0009fff0-0x0009ffff]
[    0.000000] Scanning 1 areas for low memory corruption
[    0.000000] RAMDISK: [mem 0x359c5000-0x36cd9fff]
[    0.000000] ACPI: Early table checksum verification disabled
[    0.000000] ACPI: RSDP 0x00000000000E0000 000024 (v02 VBOX  )
[    0.000000] ACPI: XSDT 0x00000000BFFF0030 00003C (v01 VBOX   VBOXXSDT 00000001 ASL  00000061)
[    0.000000] ACPI: FACP 0x00000000BFFF00F0 0000F4 (v04 VBOX   VBOXFACP 00000001 ASL  00000061)
[    0.000000] ACPI: DSDT 0x00000000BFFF0470 002325 (v02 VBOX   VBOXBIOS 00000002 INTL 20100528)
[    0.000000] ACPI: FACS 0x00000000BFFF0200 000040
[    0.000000] ACPI: FACS 0x00000000BFFF0200 000040
[    0.000000] ACPI: APIC 0x00000000BFFF0240 00005C (v02 VBOX   VBOXAPIC 00000001 ASL  00000061)
[    0.000000] ACPI: SSDT 0x00000000BFFF02A0 0001CC (v01 VBOX   VBOXCPUT 00000002 INTL 20100528)
[    0.000000] No NUMA configuration found
[    0.000000] Faking a node at [mem 0x0000000000000000-0x00000000bffeffff]
[    0.000000] NODE_DATA(0) allocated [mem 0xbffc5000-0xbffeffff]
[    0.000000] kvm-clock: cpu 0, msr 0:bff44001, primary cpu clock
[    0.000000] kvm-clock: Using msrs 4b564d01 and 4b564d00
[    0.000000] kvm-clock: using sched offset of 12338822811 cycles
[    0.000000] clocksource: kvm-clock: mask: 0xffffffffffffffff max_cycles: 0x1cd42e4dffb, max_idle_ns: 881590591483 ns
[    0.000000] Zone ranges:
[    0.000000]   DMA      [mem 0x0000000000001000-0x0000000000ffffff]
[    0.000000]   DMA32    [mem 0x0000000001000000-0x00000000bffeffff]
[    0.000000]   Normal   empty
[    0.000000]   Device   empty
[    0.000000] Movable zone start for each node
[    0.000000] Early memory node ranges
[    0.000000]   node   0: [mem 0x0000000000001000-0x000000000009efff]
[    0.000000]   node   0: [mem 0x0000000000100000-0x00000000bffeffff]
[    0.000000] Reserved but unavailable: 98 pages
[    0.000000] Initmem setup node 0 [mem 0x0000000000001000-0x00000000bffeffff]
[    0.000000] ACPI: PM-Timer IO Port: 0x4008
[    0.000000] IOAPIC[0]: apic_id 2, version 32, address 0xfec00000, GSI 0-23
[    0.000000] ACPI: INT_SRC_OVR (bus 0 bus_irq 0 global_irq 2 dfl dfl)
[    0.000000] ACPI: INT_SRC_OVR (bus 0 bus_irq 9 global_irq 9 low level)
[    0.000000] Using ACPI (MADT) for SMP configuration information
[    0.000000] smpboot: Allowing 2 CPUs, 0 hotplug CPUs
[    0.000000] PM: Registered nosave memory: [mem 0x00000000-0x00000fff]
[    0.000000] PM: Registered nosave memory: [mem 0x0009f000-0x0009ffff]
[    0.000000] PM: Registered nosave memory: [mem 0x000a0000-0x000effff]
[    0.000000] PM: Registered nosave memory: [mem 0x000f0000-0x000fffff]
[    0.000000] e820: [mem 0xc0000000-0xfebfffff] available for PCI devices
[    0.000000] Booting paravirtualized kernel on KVM
[    0.000000] clocksource: refined-jiffies: mask: 0xffffffff max_cycles: 0xffffffff, max_idle_ns: 7645519600211568 ns
[    0.000000] random: get_random_bytes called from start_kernel+0x99/0x4fd with crng_init=0
[    0.000000] setup_percpu: NR_CPUS:8192 nr_cpumask_bits:2 nr_cpu_ids:2 nr_node_ids:1
[    0.000000] percpu: Embedded 45 pages/cpu s147456 r8192 d28672 u1048576
[    0.000000] PV qspinlock hash table entries: 256 (order: 0, 4096 bytes)
[    0.000000] Built 1 zonelists, mobility grouping on.  Total pages: 774009
[    0.000000] Policy zone: DMA32
[    0.000000] Kernel command line: BOOT_IMAGE=/boot/vmlinuz-4.15.0-76-generic root=LABEL=cloudimg-rootfs ro console=tty1 console=ttyS0
[    0.000000] Memory: 3047124K/3145272K available (12300K kernel code, 2481K rwdata, 4260K rodata, 2428K init, 2704K bss, 98148K reserved, 0K cma-reserved)
[    0.000000] SLUB: HWalign=64, Order=0-3, MinObjects=0, CPUs=2, Nodes=1
[    0.000000] Kernel/User page tables isolation: enabled
[    0.000000] ftrace: allocating 39322 entries in 154 pages
[    0.004000] Hierarchical RCU implementation.
[    0.004000] 	RCU restricting CPUs from NR_CPUS=8192 to nr_cpu_ids=2.
[    0.004000] 	Tasks RCU enabled.
[    0.004000] RCU: Adjusting geometry for rcu_fanout_leaf=16, nr_cpu_ids=2
[    0.004000] NR_IRQS: 524544, nr_irqs: 440, preallocated irqs: 16
[    0.004000] Console: colour VGA+ 80x25
[    0.004000] console [tty1] enabled
[    0.004000] console [ttyS0] enabled
[    0.004000] ACPI: Core revision 20170831
[    0.004000] ACPI: 2 ACPI AML tables successfully acquired and loaded
[    0.004000] APIC: Switch to symmetric I/O mode setup
[    0.004000] x2apic enabled
[    0.004012] Switched APIC routing to physical x2apic.
[    0.012000] ..TIMER: vector=0x30 apic1=0 pin1=2 apic2=-1 pin2=-1
[    0.012005] tsc: Detected 2394.460 MHz processor
[    0.013951] Calibrating delay loop (skipped) preset value.. 4788.92 BogoMIPS (lpj=9577840)
[    0.016006] pid_max: default: 32768 minimum: 301
[    0.020093] Security Framework initialized
[    0.021840] Yama: becoming mindful.
[    0.023423] AppArmor: AppArmor initialized
[    0.028372] Dentry cache hash table entries: 524288 (order: 10, 4194304 bytes)
[    0.040353] Inode-cache hash table entries: 262144 (order: 9, 2097152 bytes)
[    0.043283] Mount-cache hash table entries: 8192 (order: 4, 65536 bytes)
[    0.044026] Mountpoint-cache hash table entries: 8192 (order: 4, 65536 bytes)
[    0.048694] Last level iTLB entries: 4KB 1024, 2MB 1024, 4MB 1024
[    0.051210] Last level dTLB entries: 4KB 1024, 2MB 1024, 4MB 1024, 1GB 4
[    0.052005] Spectre V1 : Mitigation: usercopy/swapgs barriers and __user pointer sanitization
[    0.056005] Spectre V2 : Mitigation: Full generic retpoline
[    0.060003] Spectre V2 : Spectre v2 / SpectreRSB mitigation: Filling RSB on context switch
[    0.064005] Speculative Store Bypass: Vulnerable
[    0.066065] MDS: Vulnerable: Clear CPU buffers attempted, no microcode
[    0.068533] Freeing SMP alternatives memory: 36K
[    0.183335] smpboot: CPU0: Intel(R) Core(TM) i5-4210U CPU @ 1.70GHz (family: 0x6, model: 0x45, stepping: 0x1)
[    0.184000] Performance Events: unsupported p6 CPU model 69 no PMU driver, software events only.
[    0.184057] Hierarchical SRCU implementation.
[    0.188903] NMI watchdog: Perf event create on CPU 0 failed with -2
[    0.192003] NMI watchdog: Perf NMI watchdog permanently disabled
[    0.194526] smp: Bringing up secondary CPUs ...
[    0.200149] x86: Booting SMP configuration:
[    0.204005] .... node  #0, CPUs:      #1
[    0.004000] kvm-clock: cpu 1, msr 0:bff44041, secondary cpu clock
[    0.211579] smp: Brought up 1 node, 2 CPUs
[    0.212008] smpboot: Max logical packages: 1
[    0.213838] smpboot: Total of 2 processors activated (9577.84 BogoMIPS)
[    0.216335] devtmpfs: initialized
[    0.217690] x86/mm: Memory block size: 128MB
[    0.221062] evm: security.selinux
[    0.224005] evm: security.SMACK64
[    0.225536] evm: security.SMACK64EXEC
[    0.227240] evm: security.SMACK64TRANSMUTE
[    0.228004] evm: security.SMACK64MMAP
[    0.229718] evm: security.apparmor
[    0.232003] evm: security.ima
[    0.233438] evm: security.capability
[    0.236279] clocksource: jiffies: mask: 0xffffffff max_cycles: 0xffffffff, max_idle_ns: 7645041785100000 ns
[    0.239954] futex hash table entries: 512 (order: 3, 32768 bytes)
[    0.240115] pinctrl core: initialized pinctrl subsystem
[    0.244278] RTC time: 21:24:50, date: 02/22/20
[    0.248105] NET: Registered protocol family 16
[    0.250328] audit: initializing netlink subsys (disabled)
[    0.252046] audit: type=2000 audit(1582406703.863:1): state=initialized audit_enabled=0 res=1
[    0.256013] cpuidle: using governor ladder
[    0.257810] cpuidle: using governor menu
[    0.260165] ACPI: bus type PCI registered
[    0.261901] acpiphp: ACPI Hot Plug PCI Controller Driver version: 0.5
[    0.264242] PCI: Using configuration type 1 for base access
[    0.272100] HugeTLB registered 2.00 MiB page size, pre-allocated 0 pages
[    0.274748] ACPI: Added _OSI(Module Device)
[    0.276006] ACPI: Added _OSI(Processor Device)
[    0.278019] ACPI: Added _OSI(3.0 _SCP Extensions)
[    0.280005] ACPI: Added _OSI(Processor Aggregator Device)
[    0.282222] ACPI: Added _OSI(Linux-Dell-Video)
[    0.284006] ACPI: Added _OSI(Linux-Lenovo-NV-HDMI-Audio)
[    0.286152] ACPI: Added _OSI(Linux-HPI-Hybrid-Graphics)
[    0.288600] ACPI: Executed 1 blocks of module-level executable AML code
[    0.308392] ACPI: Interpreter enabled
[    0.310067] ACPI: (supports S0 S5)
[    0.311570] ACPI: Using IOAPIC for interrupt routing
[    0.313019] PCI: Using host bridge windows from ACPI; if necessary, use "pci=nocrs" and report a bug
[    0.316593] ACPI: Enabled 2 GPEs in block 00 to 07
[    0.344164] ACPI: PCI Root Bridge [PCI0] (domain 0000 [bus 00-ff])
[    0.347038] acpi PNP0A03:00: _OSC: OS supports [ASPM ClockPM Segments MSI]
[    0.350367] acpi PNP0A03:00: _OSC: not requesting OS control; OS requires [ExtendedConfig ASPM ClockPM MSI]
[    0.352046] acpi PNP0A03:00: fail to add MMCONFIG information, can't access extended PCI configuration space under this bridge.
[    0.357201] PCI host bridge to bus 0000:00
[    0.360008] pci_bus 0000:00: root bus resource [io  0x0000-0x0cf7 window]
[    0.362783] pci_bus 0000:00: root bus resource [io  0x0d00-0xffff window]
[    0.364006] pci_bus 0000:00: root bus resource [mem 0x000a0000-0x000bffff window]
[    0.368006] pci_bus 0000:00: root bus resource [mem 0xc0000000-0xfdffffff window]
[    0.372006] pci_bus 0000:00: root bus resource [bus 00-ff]
[    0.380112] pci 0000:00:01.1: legacy IDE quirk: reg 0x10: [io  0x01f0-0x01f7]
[    0.383263] pci 0000:00:01.1: legacy IDE quirk: reg 0x14: [io  0x03f6]
[    0.384036] pci 0000:00:01.1: legacy IDE quirk: reg 0x18: [io  0x0170-0x0177]
[    0.386919] pci 0000:00:01.1: legacy IDE quirk: reg 0x1c: [io  0x0376]
[    0.439427] pci 0000:00:07.0: quirk: [io  0x4000-0x403f] claimed by PIIX4 ACPI
[    0.440030] pci 0000:00:07.0: quirk: [io  0x4100-0x410f] claimed by PIIX4 SMB
[    0.466262] ACPI: PCI Interrupt Link [LNKA] (IRQs 5 9 10 *11)
[    0.469154] ACPI: PCI Interrupt Link [LNKB] (IRQs 5 9 *10 11)
[    0.472402] ACPI: PCI Interrupt Link [LNKC] (IRQs 5 *9 10 11)
[    0.475393] ACPI: PCI Interrupt Link [LNKD] (IRQs 5 9 10 *11)
[    0.477052] SCSI subsystem initialized
[    0.480138] pci 0000:00:02.0: vgaarb: setting as boot VGA device
[    0.482494] pci 0000:00:02.0: vgaarb: VGA device added: decodes=io+mem,owns=io+mem,locks=none
[    0.484008] pci 0000:00:02.0: vgaarb: bridge control possible
[    0.488004] vgaarb: loaded
[    0.489442] ACPI: bus type USB registered
[    0.492047] usbcore: registered new interface driver usbfs
[    0.496022] usbcore: registered new interface driver hub
[    0.498411] usbcore: registered new device driver usb
[    0.500127] EDAC MC: Ver: 3.0.0
[    0.504142] PCI: Using ACPI for IRQ routing
[    0.506610] NetLabel: Initializing
[    0.508004] NetLabel:  domain hash size = 128
[    0.510093] NetLabel:  protocols = UNLABELED CIPSOv4 CALIPSO
[    0.512036] NetLabel:  unlabeled traffic allowed by default
[    0.514350] clocksource: Switched to clocksource kvm-clock
[    0.571509] VFS: Disk quotas dquot_6.6.0
[    0.573351] VFS: Dquot-cache hash table entries: 512 (order 0, 4096 bytes)
[    0.576288] AppArmor: AppArmor Filesystem Enabled
[    0.578409] pnp: PnP ACPI init
[    0.583010] pnp: PnP ACPI: found 3 devices
[    0.599583] clocksource: acpi_pm: mask: 0xffffff max_cycles: 0xffffff, max_idle_ns: 2085701024 ns
[    0.604556] NET: Registered protocol family 2
[    0.607494] TCP established hash table entries: 32768 (order: 6, 262144 bytes)
[    0.612035] TCP bind hash table entries: 32768 (order: 7, 524288 bytes)
[    0.615843] TCP: Hash tables configured (established 32768 bind 32768)
[    0.619534] UDP hash table entries: 2048 (order: 4, 65536 bytes)
[    0.623013] UDP-Lite hash table entries: 2048 (order: 4, 65536 bytes)
[    0.627108] NET: Registered protocol family 1
[    0.630896] pci 0000:00:00.0: Limiting direct PCI/PCI transfers
[    0.634287] pci 0000:00:01.0: Activating ISA DMA hang workarounds
[    0.638388] pci 0000:00:02.0: Video device with shadowed ROM at [mem 0x000c0000-0x000dffff]
[    0.643526] Unpacking initramfs...
[    1.562176] Freeing initrd memory: 19540K
[    1.564527] clocksource: tsc: mask: 0xffffffffffffffff max_cycles: 0x2283c649547, max_idle_ns: 440795304016 ns
[    1.569634] platform rtc_cmos: registered platform RTC device (no PNP device found)
[    1.572948] Scanning for low memory corruption every 60 seconds
[    1.576848] Initialise system trusted keyrings
[    1.578810] Key type blacklist registered
[    1.581057] workingset: timestamp_bits=36 max_order=20 bucket_order=0
[    1.587607] zbud: loaded
[    1.589624] squashfs: version 4.0 (2009/01/31) Phillip Lougher
[    1.592506] fuse init (API version 7.26)
[    1.603326] Key type asymmetric registered
[    1.605371] Asymmetric key parser 'x509' registered
[    1.607594] Block layer SCSI generic (bsg) driver version 0.4 loaded (major 246)
[    1.611072] io scheduler noop registered
[    1.612913] io scheduler deadline registered
[    1.614838] io scheduler cfq registered (default)
[    1.617623] ACPI: AC Adapter [AC] (off-line)
[    1.619663] input: Power Button as /devices/LNXSYSTM:00/LNXPWRBN:00/input/input0
[    1.622959] ACPI: Power Button [PWRF]
[    1.624889] input: Sleep Button as /devices/LNXSYSTM:00/LNXSLPBN:00/input/input1
[    1.628299] ACPI: Sleep Button [SLPF]
[    1.630647] Serial: 8250/16550 driver, 32 ports, IRQ sharing enabled
[    1.633975] ACPI: Battery Slot [BAT0] (battery present)
[    1.655128] 00:02: ttyS0 at I/O 0x3f8 (irq = 4, base_baud = 115200) is a 16550A
[    1.668962] Linux agpgart interface v0.103
[    1.673316] loop: module loaded
[    1.676202] scsi host0: ata_piix
[    1.678018] scsi host1: ata_piix
[    1.679804] ata1: PATA max UDMA/33 cmd 0x1f0 ctl 0x3f6 bmdma 0xd000 irq 14
[    1.682694] ata2: PATA max UDMA/33 cmd 0x170 ctl 0x376 bmdma 0xd008 irq 15
[    1.686578] libphy: Fixed MDIO Bus: probed
[    1.688517] tun: Universal TUN/TAP device driver, 1.6
[    1.691171] PPP generic driver version 2.4.2
[    1.693637] ehci_hcd: USB 2.0 'Enhanced' Host Controller (EHCI) Driver
[    1.697013] ehci-pci: EHCI PCI platform driver
[    1.699690] ehci-platform: EHCI generic platform driver
[    1.702781] ohci_hcd: USB 1.1 'Open' Host Controller (OHCI) Driver
[    1.706175] ohci-pci: OHCI PCI platform driver
[    1.708770] ohci-platform: OHCI generic platform driver
[    1.711891] uhci_hcd: USB Universal Host Controller Interface driver
[    1.715447] i8042: PNP: PS/2 Controller [PNP0303:PS2K,PNP0f03:PS2M] at 0x60,0x64 irq 1,12
[    1.721029] serio: i8042 KBD port at 0x60,0x64 irq 1
[    1.723725] serio: i8042 AUX port at 0x60,0x64 irq 12
[    1.726627] mousedev: PS/2 mouse device common for all mice
[    1.730576] input: AT Translated Set 2 keyboard as /devices/platform/i8042/serio0/input/input2
[    1.736460] rtc_cmos rtc_cmos: rtc core: registered rtc_cmos as rtc0
[    1.739951] rtc_cmos rtc_cmos: alarms up to one day, 114 bytes nvram
[    1.744240] i2c /dev entries driver
[    1.746575] device-mapper: uevent: version 1.0.3
[    1.749678] device-mapper: ioctl: 4.37.0-ioctl (2017-09-20) initialised: dm-devel@redhat.com
[    1.754596] ledtrig-cpu: registered to indicate activity on CPUs
[    1.758973] NET: Registered protocol family 10
[    1.771027] Segment Routing with IPv6
[    1.773495] NET: Registered protocol family 17
[    1.776224] Key type dns_resolver registered
[    1.779506] mce: Using 0 MCE banks
[    1.781664] RAS: Correctable Errors collector initialized.
[    1.785074] sched_clock: Marking stable (1784993800, 0)->(2478392782, -693398982)
[    1.790461] registered taskstats version 1
[    1.792736] Loading compiled-in X.509 certificates
[    1.801813] Loaded X.509 cert 'Build time autogenerated kernel key: 665cd2b89e03521f57c41865f552ebce30a0c7fb'
[    1.807695] zswap: loaded using pool lzo/zbud
[    1.816573] Key type big_key registered
[    1.818605] Key type trusted registered
[    1.824637] Key type encrypted registered
[    1.826408] AppArmor: AppArmor sha1 policy hashing enabled
[    1.829111] ima: No TPM chip found, activating TPM-bypass! (rc=-19)
[    1.831650] ima: Allocated hash algorithm: sha1
[    1.833701] evm: HMAC attrs: 0x1
[    1.835617]   Magic number: 8:232:450
[    1.837418]  machinecheck: hash matches
[    1.839403] rtc_cmos rtc_cmos: setting system clock to 2020-02-22 21:24:51 UTC (1582406691)
[    1.843197] BIOS EDD facility v0.16 2004-Jun-25, 0 devices found
[    1.846092] EDD information not available.
[    1.886801] Freeing unused kernel image memory: 2428K
[    1.975119] Write protecting the kernel read-only data: 20480k
[    1.980154] Freeing unused kernel image memory: 2008K
[    1.983896] Freeing unused kernel image memory: 1884K
[    2.029610] x86/mm: Checked W+X mappings: passed, no W+X pages found.
[    2.032412] x86/mm: Checking user space page tables
[    2.078212] x86/mm: Checked W+X mappings: passed, no W+X pages found.
Loading, please wait...
starting version 237
[    2.302993] Fusion MPT base driver 3.04.20
[    2.305387] Copyright (c) 1999-2008 LSI Corporation
[    2.325518] e1000: Intel(R) PRO/1000 Network Driver - version 7.3.21-k8-NAPI
[    2.329389] e1000: Copyright (c) 1999-2006 Intel Corporation.
[    2.351409] AVX2 version of gcm_enc/dec engaged.
[    2.353991] AES CTR mode by8 optimization enabled
[    2.392198] Fusion MPT SPI Host driver 3.04.20
[    2.528180] input: ImExPS/2 Generic Explorer Mouse as /devices/platform/i8042/serio1/input/input4
[    3.043510] e1000 0000:00:03.0 eth0: (PCI:33MHz:32-bit) 02:ba:df:aa:bf:b5
[    3.051672] e1000 0000:00:03.0 eth0: Intel(R) PRO/1000 Network Connection
[    3.063740] e1000 0000:00:03.0 enp0s3: renamed from eth0
[    3.073012] mptbase: ioc0: Initiating bringup
[    3.665506] ioc0: LSI53C1030 A0: Capabilities={Initiator}
[    3.959697] scsi host2: ioc0: LSI53C1030 A0, FwRev=00000000h, Ports=1, MaxQ=256, IRQ=20
[    4.198510] scsi 2:0:0:0: Direct-Access     VBOX     HARDDISK         1.0  PQ: 0 ANSI: 5
[    4.240208] scsi target2:0:0: Beginning Domain Validation
[    4.249283] scsi target2:0:0: Domain Validation skipping write tests
[    4.254539] scsi target2:0:0: Ending Domain Validation
[    4.258494] scsi target2:0:0: asynchronous
[    4.264226] scsi 2:0:1:0: Direct-Access     VBOX     HARDDISK         1.0  PQ: 0 ANSI: 5
[    4.300754] scsi target2:0:1: Beginning Domain Validation
[    4.306159] random: fast init done
[    4.311084] scsi target2:0:1: Domain Validation skipping write tests
[    4.315386] scsi target2:0:1: Ending Domain Validation
[    4.318460] scsi target2:0:1: asynchronous
[    4.346680] random: systemd-udevd: uninitialized urandom read (16 bytes read)
[    4.351248] sd 2:0:0:0: Attached scsi generic sg0 type 0
[    4.352247] sd 2:0:0:0: [sda] 20971520 512-byte logical blocks: (10.7 GB/10.0 GiB)
[    4.356972] random: systemd-udevd: uninitialized urandom read (16 bytes read)
[    4.356982] random: systemd-udevd: uninitialized urandom read (16 bytes read)
[    4.362327] sd 2:0:0:0: [sda] Write Protect is off
[    4.376724] sd 2:0:1:0: Attached scsi generic sg1 type 0
[    4.377040] sd 2:0:0:0: [sda] Incomplete mode parameter data
[    4.387737] sd 2:0:0:0: [sda] Assuming drive cache: write through
[    4.391563] sd 2:0:1:0: [sdb] 20480 512-byte logical blocks: (10.5 MB/10.0 MiB)
[    4.396574] sd 2:0:1:0: [sdb] Write Protect is off
[    4.400839] sd 2:0:1:0: [sdb] Incomplete mode parameter data
[    4.405219] sd 2:0:1:0: [sdb] Assuming drive cache: write through
[    4.418446]  sda: sda1
[    4.422307] sd 2:0:0:0: [sda] Attached SCSI disk
[    4.444246] sd 2:0:1:0: [sdb] Attached SCSI disk
Begin: Loading essential drivers ... [    7.720156] raid6: sse2x1   gen()  1811 MB/s
[    7.768091] raid6: sse2x1   xor()  1100 MB/s
[    7.816063] raid6: sse2x2   gen()  3847 MB/s
[    7.864174] raid6: sse2x2   xor()  2071 MB/s
[    7.916293] raid6: sse2x4   gen()  5083 MB/s
[    7.964223] raid6: sse2x4   xor()  2487 MB/s
[    8.012069] raid6: avx2x1   gen()  3744 MB/s
[    8.060047] raid6: avx2x1   xor()  2211 MB/s
[    8.108140] raid6: avx2x2   gen()  7020 MB/s
[    8.156492] raid6: avx2x2   xor()  3205 MB/s
[    8.204763] raid6: avx2x4   gen()  7999 MB/s
[    8.252129] raid6: avx2x4   xor()  5849 MB/s
[    8.253999] raid6: using algorithm avx2x4 gen() 7999 MB/s
[    8.256220] raid6: .... xor() 5849 MB/s, rmw enabled
[    8.258544] raid6: using avx2x2 recovery algorithm
[    8.263681] xor: automatically using best checksumming function   avx       
[    8.269322] async_tx: api initialized (async)
done.
Begin: Running /scripts/init-premount ... done.
Begin: Mounting root file system ... Begin: Running /scripts/local-top ... done.
Begin: Running /scripts/local-premount ... [    8.392630] Btrfs loaded, crc32c=crc32c-intel
Scanning for Btrfs filesystems
done.
Warning: fsck not present, so skipping root file system
[    8.938377] EXT4-fs (sda1): mounted filesystem with ordered data mode. Opts: (null)
done.
Begin: Running /scripts/local-bottom ... done.
Begin: Running /scripts/init-bottom ... /scripts/init-bottom/plymouth: line 18: /bin/plymouth: not found
done.
[    9.846343] random: crng init done
[    9.848422] random: 7 urandom warning(s) missed due to ratelimiting
[   10.562800] ip_tables: (C) 2000-2006 Netfilter Core Team
[   10.702621] systemd[1]: systemd 237 running in system mode. (+PAM +AUDIT +SELINUX +IMA +APPARMOR +SMACK +SYSVINIT +UTMP +LIBCRYPTSETUP +GCRYPT +GNUTLS +ACL +XZ +LZ4 +SECCOMP +BLKID +ELFUTILS +KMOD -IDN2 +IDN -PCRE2 default-hierarchy=hybrid)
[   10.711370] systemd[1]: Detected virtualization oracle.
[   10.713667] systemd[1]: Detected architecture x86-64.

Welcome to [1mUbuntu 18.04.3 LTS[0m!

[   10.755011] systemd[1]: Set hostname to <ubuntu-bionic>.
[   13.131089] systemd[1]: Created slice User and Session Slice.
[[0;32m  OK  [0m] Created slice User and Session Slice.
[   13.135496] systemd[1]: Reached target Swap.
[[0;32m  OK  [0m] Reached target Swap.
[   13.139160] systemd[1]: Created slice System Slice.
[[0;32m  OK  [0m] Created slice System Slice.
[   13.142827] systemd[1]: Listening on Journal Socket (/dev/log).
[[0;32m  OK  [0m] Listening on Journal Socket (/dev/log).
[   13.146772] systemd[1]: Listening on Syslog Socket.
[[0;32m  OK  [0m] Listening on Syslog Socket.
[   13.150287] systemd[1]: Listening on LVM2 metadata daemon socket.
[[0;32m  OK  [0m] Listening on LVM2 metadata daemon socket.
[[0;32m  OK  [0m] Listening on /dev/initctl Compatibility Named Pipe.
[[0;32m  OK  [0m] Listening on LVM2 poll daemon socket.
[[0;32m  OK  [0m] Reached target Slices.
[[0;32m  OK  [0m] Listening on Journal Socket.
         Starting Set the console keyboard layout...
         Mounting Huge Pages File System...
         Mounting Kernel Debug File System...
         Starting Remount Root and Kernel File Systems...
         Starting Load Kernel Modules...
[[0;32m  OK  [0m] Started Forward Password Requests to Wall Directory Watch.
[[0;32m  OK  [0m] Listening on Network Service Netlink Socket.
[[0;32m  OK  [0m] Created slice system-serial\x2dgetty.slice.
[[0;32m  OK  [0m] Listening on udev Kernel Socket.
         Starting Create list of required st…ce nodes for the current kernel...
[[0;32m  OK  [0m] Listening on udev Control Socket.
         Mounting POSIX Message Queue File System...
[[0;32m  OK  [0m] Created slice system-postgresql.slice.
[[0;32m  OK  [0m] Set up automount Arbitrary Executab…rmats File System Automount Point.
[[0;32m  OK  [0m] Listening on Device-mapper event daemon FIFOs.
         Starting Monitoring of LVM2 mirrors…ng dmeventd or progress polling...
[[0;32m  OK  [0m] Reached target System Time Synchronized.
[   13.512733] EXT4-fs (sda1): re-mounted. Opts: (null)
         Starting udev Coldplug all Devices...
[[0;32m  OK  [0m] Listening on Journal Audit Socket.
         Starting Journal Service...
[[0;32m  OK  [0m] Mounted Huge Pages File System.
[[0;32m  OK  [0m] Mounted Kernel Debug File System.
[[0;32m  OK  [0m] Started Remount Root and Kernel File Systems.
[[0;32m  OK  [0m] Started Create list of required sta…vice nodes for the current kernel.
[[0;32m  OK  [0m] Mounted POSIX Message Queue File System.
         Starting Create Static Device Nodes in /dev...
         Starting Load/Save Random Seed...
[   14.053439] Loading iSCSI transport class v2.0-870.
[   14.457310] iscsi: registered transport (tcp)
[[0;32m  OK  [0m] Started udev Coldplug all Devices.
[[0;32m  OK  [0m] Started Set the console keyboard layout.
[[0;32m  OK  [0m] Started Journal Service.
         Starting Flush Journal to Persistent Storage...
[   15.086721] iscsi: registered transport (iser)
[[0;32m  OK  [0m] Started Load Kernel Modules.
         Mounting Kernel Configuration File System...
         Starting Apply Kernel Variables...
         Mounting FUSE Control File System...
[[0;32m  OK  [0m] Mounted Kernel Configuration File System.
[[0;32m  OK  [0m] Mounted FUSE Control File System.
[[0;32m  OK  [0m] Started LVM2 metadata daemon.
[   15.293885] systemd-journald[393]: Received request to flush runtime journal from PID 1
[[0;32m  OK  [0m] Started Load/Save Random Seed.
[[0;32m  OK  [0m] Started Create Static Device Nodes in /dev.
         Starting udev Kernel Device Manager...
[[0;32m  OK  [0m] Started Monitoring of LVM2 mirrors,…sing dmeventd or progress polling.
[[0;32m  OK  [0m] Reached target Local File Systems (Pre).
[[0;32m  OK  [0m] Reached target Local File Systems.
         Starting Tell Plymouth To Write Out Runtime Data...
         Starting ebtables ruleset management...
         Starting Set console font and keymap...
[[0;32m  OK  [0m] Started Apply Kernel Variables.
[[0;32m  OK  [0m] Started Set console font and keymap.
[[0;32m  OK  [0m] Started Tell Plymouth To Write Out Runtime Data.
[[0;32m  OK  [0m] Started udev Kernel Device Manager.
[[0;32m  OK  [0m] Started Dispatch Password Requests to Console Directory Watch.
[[0;32m  OK  [0m] Reached target Local Encrypted Volumes.
[[0;32m  OK  [0m] Started Flush Journal to Persistent Storage.
         Starting Create Volatile Files and Directories...
[[0;32m  OK  [0m] Started Create Volatile Files and Directories.
         Starting Update UTMP about System Boot/Shutdown...
[[0;32m  OK  [0m] Started Update UTMP about System Boot/Shutdown.
[[0;32m  OK  [0m] Reached target System Initialization.
[[0;32m  OK  [0m] Started Daily apt download activities.
[[0;32m  OK  [0m] Listening on D-Bus System Message Bus Socket.
[[0;32m  OK  [0m] Started Discard unused blocks once a week.
[[0;32m  OK  [0m] Started Daily Cleanup of Temporary Directories.
[[0;32m  OK  [0m] Listening on UUID daemon activation socket.
[[0;32m  OK  [0m] Started Message of the Day.
[[0;32m  OK  [0m] Listening on ACPID Listen Socket.
[[0;32m  OK  [0m] Started Daily apt upgrade and clean activities.
[[0;32m  OK  [0m] Reached target Timers.
[[0;32m  OK  [0m] Listening on Open-iSCSI iscsid Socket.
         Starting LXD - unix socket.
[[0;32m  OK  [0m] Started ACPI Events Check.
[[0;32m  OK  [0m] Reached target Paths.
[[0;32m  OK  [0m] Started ebtables ruleset management.
[[0;32m  OK  [0m] Listening on LXD - unix socket.
[[0;32m  OK  [0m] Reached target Sockets.
[[0;32m  OK  [0m] Reached target Basic System.
[[0;32m  OK  [0m] Started D-Bus System Message Bus.
[[0;32m  OK  [0m] Started Regular background program processing daemon.
         Starting System Logging Service...
         Starting LSB: Record successful boot for GRUB...
[[0;32m  OK  [0m] Started FUSE filesystem for LXC.
         Starting Resets System Activity Data Collector...
         Starting PostgreSQL Cluster 10-main...
[[0;32m  OK  [0m] Started irqbalance daemon.
[[0;32m  OK  [0m] Started Deferred execution scheduler.
         Starting Login Service...
         Starting Virtualbox guest utils...
         Starting LXD - container startup/shutdown...
[[0;32m  OK  [0m] Reached target Network (Pre).
         Starting Network Service...
[[0;32m  OK  [0m] Started Resets System Activity Data Collector.
[[0;32m  OK  [0m] Found device /dev/ttyS0.
[[0;32m  OK  [0m] Started Login Service.
[[0;32m  OK  [0m] Listening on Load/Save RF Kill Switch Status /dev/rfkill Watch.
[[0;32m  OK  [0m] Started System Logging Service.
[[0;32m  OK  [0m] Started LSB: Record successful boot for GRUB.
[[0;32m  OK  [0m] Started Network Service.
         Starting Network Name Resolution...
         Starting Wait for Network to be Configured...
[[0;32m  OK  [0m] Started Wait for Network to be Configured.
[[0;32m  OK  [0m] Started Network Name Resolution.
[[0;32m  OK  [0m] Reached target Host and Network Name Lookups.
[[0;32m  OK  [0m] Reached target Network.
[[0;32m  OK  [0m] Reached target Network is Online.
         Starting Availability of block devices...
[[0;32m  OK  [0m] Reached target Remote File Systems (Pre).
[[0;32m  OK  [0m] Reached target Remote File Systems.
         Starting LSB: automatic crash report generation...
         Starting Permit User Sessions...
         Starting OpenBSD Secure Shell server...
[[0;32m  OK  [0m] Started Virtualbox guest utils.
[[0;32m  OK  [0m] Started Availability of block devices.
[[0;32m  OK  [0m] Started LSB: automatic crash report generation.
[[0;32m  OK  [0m] Started Permit User Sessions.
         Starting Terminate Plymouth Boot Screen...
         Starting Hold until boot process finishes up...
[[0;32m  OK  [0m] Started Terminate Plymouth Boot Screen.
[[0;32m  OK  [0m] Started Hold until boot process finishes up.
         Starting Set console scheme...
[[0;32m  OK  [0m] Started Serial Getty on ttyS0.
[[0;32m  OK  [0m] Started Set console scheme.
[[0;32m  OK  [0m] Created slice system-getty.slice.
[[0;32m  OK  [0m] Started Getty on tty1.
[[0;32m  OK  [0m] Reached target Login Prompts.
[[0;32m  OK  [0m] Started OpenBSD Secure Shell server.
[[0;32m  OK  [0m] Started LXD - container startup/shutdown.

Ubuntu 18.04.3 LTS ubuntu-bionic ttyS0

ubuntu-bionic login: 